[ 2024-09-01 11:10:51,747 ] 24 root - INFO - Data Ingestion method start
[ 2024-09-01 11:10:54,767 ] 38 root - INFO - Data Ingestion competed
[ 2024-09-01 11:10:54,783 ] 39 root - INFO - Data Ingestion competed train data 
   national_inv  lead_time  in_transit_qty  forecast_3_month  forecast_6_month  ...  oe_constraint  ppap_risk  stop_auto_buy  rev_stop  went_on_backorder
0             0        8.0               0                 0                36  ...             No         No            Yes        No                 No
1             6        8.0               0                 7                14  ...             No         No            Yes        No                 No
2           410        8.0               0                 0                 0  ...             No        Yes            Yes        No                 No
3             5        4.0               0                 3                 6  ...             No         No            Yes        No                 No
4             9        2.0               0                 0                 0  ...             No         No            Yes        No                 No

[5 rows x 22 columns]
[ 2024-09-01 11:10:54,798 ] 41 root - INFO - Data Ingestion competed test data 
   national_inv  lead_time  in_transit_qty  forecast_3_month  forecast_6_month  ...  oe_constraint  ppap_risk  stop_auto_buy  rev_stop  went_on_backorder
0            11       12.0               0                 0                 0  ...             No        Yes            Yes        No                 No
1            15        8.0               0                 0                 0  ...             No        Yes            Yes        No                 No
2            33        2.0               0                 0                 0  ...             No         No            Yes        No                 No
3           102        8.0               0                 0                 0  ...             No         No            Yes        No                 No
4             2        9.0               0                 0                 0  ...             No         No            Yes        No                 No

[5 rows x 22 columns]
[ 2024-09-01 11:10:54,825 ] 44 root - INFO - initiate Data Tranfermation
[ 2024-09-01 11:10:56,795 ] 27 root - INFO - Data Tranfermation piple start
[ 2024-09-01 11:10:56,805 ] 94 root - INFO - Applying preprocessing object on training and testing datasets.
[ 2024-09-01 11:10:56,809 ] 28 root - INFO - Splitting Dependent and Independent variables from train and test data
[ 2024-09-01 11:10:57,768 ] 48 root - INFO - Model Report : {'RandomForestClassifier': 0.7986406117247238, 'DecisionTreeClassifier': 0.7598944591029024, 'SGDClassifier': 0.7666928515318147, 'KNeighborsClassifier': 0.748062015503876, 'GradientBoostingClassifier': 0.8210151380231522}
[ 2024-09-01 11:10:57,769 ] 59 root - INFO - Best Model Found , Model Name : GradientBoostingClassifier , F1 Scare: 0.8210151380231522
[ 2024-09-01 11:10:57,781 ] 96 werkzeug - WARNING -  * Debugger is active!
[ 2024-09-01 11:10:57,783 ] 96 werkzeug - INFO -  * Debugger PIN: 117-434-498
[ 2024-09-01 11:12:37,973 ] 96 werkzeug - INFO -  * Detected change in 'e:\\pw_proj\\BackOrder_Prediction-main\\application.py', reloading
