[ 2024-09-01 11:10:01,682 ] 24 root - INFO - Data Ingestion method start
[ 2024-09-01 11:10:04,852 ] 38 root - INFO - Data Ingestion competed
[ 2024-09-01 11:10:04,868 ] 39 root - INFO - Data Ingestion competed train data 
   national_inv  lead_time  in_transit_qty  forecast_3_month  forecast_6_month  ...  oe_constraint  ppap_risk  stop_auto_buy  rev_stop  went_on_backorder
0             2       12.0               0                 0                 0  ...             No         No            Yes        No                 No
1            69        2.0               0                 4                32  ...             No         No            Yes        No                 No
2           171        8.0               0                 0                 0  ...             No         No            Yes        No                 No
3             0        2.0               0                 4                 4  ...             No        Yes            Yes        No                Yes
4            22        8.0              10                33                93  ...             No         No            Yes        No                 No

[5 rows x 22 columns]
[ 2024-09-01 11:10:04,884 ] 41 root - INFO - Data Ingestion competed test data 
   national_inv  lead_time  in_transit_qty  forecast_3_month  forecast_6_month  ...  oe_constraint  ppap_risk  stop_auto_buy  rev_stop  went_on_backorder
0             2        8.0               1                 4                 6  ...             No         No            Yes        No                 No
1            13        9.0               0                 0                 0  ...             No        Yes            Yes        No                 No
2           486        9.0             500                 0                 0  ...             No         No            Yes        No                 No
3           284        8.0               0                 0                 0  ...             No         No            Yes        No                 No
4             7        4.0               0                 6                10  ...             No         No            Yes        No                 No

[5 rows x 22 columns]
[ 2024-09-01 11:10:04,916 ] 44 root - INFO - initiate Data Tranfermation
[ 2024-09-01 11:10:07,266 ] 27 root - INFO - Data Tranfermation piple start
[ 2024-09-01 11:10:07,278 ] 94 root - INFO - Applying preprocessing object on training and testing datasets.
[ 2024-09-01 11:10:07,281 ] 28 root - INFO - Splitting Dependent and Independent variables from train and test data
[ 2024-09-01 11:10:08,315 ] 48 root - INFO - Model Report : {'RandomForestClassifier': 0.7440860215053763, 'DecisionTreeClassifier': 0.6954851104707012, 'SGDClassifier': 0.7731367731367732, 'KNeighborsClassifier': 0.7661510464058235, 'GradientBoostingClassifier': 0.7433004231311707}
[ 2024-09-01 11:10:08,315 ] 59 root - INFO - Best Model Found , Model Name : SGDClassifier , F1 Scare: 0.7731367731367732
[ 2024-09-01 11:10:08,329 ] 96 werkzeug - WARNING -  * Debugger is active!
[ 2024-09-01 11:10:08,331 ] 96 werkzeug - INFO -  * Debugger PIN: 117-434-498
[ 2024-09-01 11:10:08,816 ] 96 werkzeug - INFO - 127.0.0.1 - - [01/Sep/2024 11:10:08] "GET /predict HTTP/1.1" 200 -
[ 2024-09-01 11:10:08,817 ] 96 werkzeug - INFO - 127.0.0.1 - - [01/Sep/2024 11:10:08] "GET / HTTP/1.1" 200 -
[ 2024-09-01 11:10:50,365 ] 96 werkzeug - INFO -  * Detected change in 'e:\\pw_proj\\BackOrder_Prediction-main\\application.py', reloading
