[ 2024-09-01 11:14:31,512 ] 24 root - INFO - Data Ingestion method start
[ 2024-09-01 11:14:34,626 ] 38 root - INFO - Data Ingestion competed
[ 2024-09-01 11:14:34,642 ] 39 root - INFO - Data Ingestion competed train data 
   national_inv  lead_time  in_transit_qty  forecast_3_month  forecast_6_month  ...  oe_constraint  ppap_risk  stop_auto_buy  rev_stop  went_on_backorder
0           211        4.0               0                 0                 0  ...             No         No            Yes        No                 No
1            17        8.0               0                 0                 0  ...             No         No            Yes        No                 No
2             4        8.0               0                24                24  ...             No         No             No        No                 No
3             2       16.0               0                 0                 0  ...             No        Yes            Yes        No                 No
4             0        8.0               0                 6                 8  ...             No         No            Yes        No                Yes

[5 rows x 22 columns]
[ 2024-09-01 11:14:34,658 ] 41 root - INFO - Data Ingestion competed test data 
   national_inv  lead_time  in_transit_qty  forecast_3_month  forecast_6_month  ...  oe_constraint  ppap_risk  stop_auto_buy  rev_stop  went_on_backorder
0             7       12.0               0                 1                 3  ...             No        Yes            Yes        No                 No
1          1533        8.0               0                 0                 0  ...             No         No            Yes        No                 No
2             2        8.0               0                 0                 0  ...             No         No            Yes        No                 No
3             2        9.0               0                 0                 0  ...             No         No            Yes        No                 No
4             8        8.0               0                 0                 0  ...             No         No            Yes        No                 No

[5 rows x 22 columns]
[ 2024-09-01 11:14:34,688 ] 44 root - INFO - initiate Data Tranfermation
[ 2024-09-01 11:14:36,657 ] 27 root - INFO - Data Tranfermation piple start
[ 2024-09-01 11:14:36,665 ] 94 root - INFO - Applying preprocessing object on training and testing datasets.
[ 2024-09-01 11:14:36,668 ] 28 root - INFO - Splitting Dependent and Independent variables from train and test data
[ 2024-09-01 11:14:37,585 ] 48 root - INFO - Model Report : {'RandomForestClassifier': 0.7971014492753623, 'DecisionTreeClassifier': 0.7729549248747913, 'SGDClassifier': 0.7517433751743376, 'KNeighborsClassifier': 0.7603993344425957, 'GradientBoostingClassifier': 0.8388704318936876}
[ 2024-09-01 11:14:37,586 ] 59 root - INFO - Best Model Found , Model Name : GradientBoostingClassifier , F1 Scare: 0.8388704318936876
[ 2024-09-01 11:14:37,602 ] 96 werkzeug - WARNING -  * Debugger is active!
[ 2024-09-01 11:14:37,604 ] 96 werkzeug - INFO -  * Debugger PIN: 117-434-498
[ 2024-09-01 11:14:56,174 ] 96 werkzeug - INFO -  * Detected change in 'e:\\pw_proj\\BackOrder_Prediction-main\\src\\pipelines\\training_pipeline.py', reloading
