[ 2024-09-01 11:23:26,377 ] 25 root - INFO - Data Ingestion method start
[ 2024-09-01 11:23:29,625 ] 44 root - INFO - Data Ingestion competed
[ 2024-09-01 11:23:29,643 ] 45 root - INFO - Data Ingestion competed train data 
   national_inv  lead_time  in_transit_qty  forecast_3_month  ...  ppap_risk  stop_auto_buy  rev_stop  went_on_backorder
0            24        8.0               0                 0  ...         No            Yes        No                 No
1            13        2.0               0                 0  ...         No            Yes        No                 No
2           171       16.0               1               451  ...         No            Yes        No                 No
3             9        4.0               0                 0  ...         No            Yes        No                 No
4           299        2.0               0                 0  ...         No            Yes        No                 No

[5 rows x 22 columns]
[ 2024-09-01 11:23:29,660 ] 47 root - INFO - Data Ingestion competed test data 
   national_inv  lead_time  in_transit_qty  forecast_3_month  ...  ppap_risk  stop_auto_buy  rev_stop  went_on_backorder
0             4        2.0               0                 0  ...         No            Yes        No                 No
1           489        8.0               0                 0  ...         No            Yes        No                 No
2           272        8.0               0                 0  ...         No            Yes        No                 No
3            20        NaN               0                 0  ...         No            Yes        No                 No
4           142        8.0               0               140  ...        Yes            Yes        No                 No

[5 rows x 22 columns]
[ 2024-09-01 11:23:29,690 ] 44 root - INFO - initiate Data Tranfermation
[ 2024-09-01 11:23:31,939 ] 27 root - INFO - Data Tranfermation piple start
[ 2024-09-01 11:23:31,947 ] 94 root - INFO - Applying preprocessing object on training and testing datasets.
[ 2024-09-01 11:23:31,951 ] 28 root - INFO - Splitting Dependent and Independent variables from train and test data
[ 2024-09-01 11:23:32,989 ] 48 root - INFO - Model Report : {'RandomForestClassifier': 0.5566166439290587, 'DecisionTreeClassifier': 0.5041551246537397, 'SGDClassifier': 0.5406824146981627, 'KNeighborsClassifier': 0.7470119521912352, 'GradientBoostingClassifier': 0.5893089960886571}
[ 2024-09-01 11:23:32,990 ] 59 root - INFO - Best Model Found , Model Name : KNeighborsClassifier , F1 Scare: 0.7470119521912352
[ 2024-09-01 11:23:33,009 ] 96 werkzeug - WARNING -  * Debugger is active!
[ 2024-09-01 11:23:33,011 ] 96 werkzeug - INFO -  * Debugger PIN: 117-434-498
[ 2024-09-01 11:23:34,255 ] 96 werkzeug - INFO - 127.0.0.1 - - [01/Sep/2024 11:23:34] "GET /train_custom_data HTTP/1.1" 200 -
[ 2024-09-01 11:23:51,637 ] 96 werkzeug - INFO - 127.0.0.1 - - [01/Sep/2024 11:23:51] "POST /train_custom_data HTTP/1.1" 200 -
[ 2024-09-01 11:24:06,001 ] 96 werkzeug - INFO -  * Detected change in 'e:\\pw_proj\\BackOrder_Prediction-main\\application.py', reloading
