[ 2024-09-01 11:05:03,501 ] 24 root - INFO - Data Ingestion method start
[ 2024-09-01 11:05:06,274 ] 38 root - INFO - Data Ingestion competed
[ 2024-09-01 11:05:06,289 ] 39 root - INFO - Data Ingestion competed train data 
   national_inv  lead_time  in_transit_qty  forecast_3_month  forecast_6_month  ...  oe_constraint  ppap_risk  stop_auto_buy  rev_stop  went_on_backorder
0            94        8.0               0                22                77  ...             No         No            Yes        No                 No
1           114        8.0               0                 0                 0  ...             No         No            Yes        No                 No
2             3       12.0               0                 0                 0  ...             No         No            Yes        No                 No
3             9        8.0               0                 0                 0  ...             No         No            Yes        No                 No
4            22        9.0               0                 0                 0  ...             No         No            Yes        No                 No

[5 rows x 22 columns]
[ 2024-09-01 11:05:06,304 ] 41 root - INFO - Data Ingestion competed test data 
   national_inv  lead_time  in_transit_qty  forecast_3_month  forecast_6_month  ...  oe_constraint  ppap_risk  stop_auto_buy  rev_stop  went_on_backorder
0            25       14.0               0                 0                 0  ...             No         No            Yes        No                 No
1             4        2.0               0                 0                 0  ...             No         No            Yes        No                 No
2             2        8.0               0                 1                 3  ...             No         No            Yes        No                 No
3             6        3.0               0                 0                 0  ...             No         No            Yes        No                 No
4            26       17.0               0                 0                 0  ...             No        Yes            Yes        No                 No

[5 rows x 22 columns]
[ 2024-09-01 11:05:06,331 ] 44 root - INFO - initiate Data Tranfermation
[ 2024-09-01 11:05:08,433 ] 27 root - INFO - Data Tranfermation piple start
[ 2024-09-01 11:05:08,441 ] 94 root - INFO - Applying preprocessing object on training and testing datasets.
[ 2024-09-01 11:05:08,444 ] 28 root - INFO - Splitting Dependent and Independent variables from train and test data
[ 2024-09-01 11:05:09,419 ] 48 root - INFO - Model Report : {'RandomForestClassifier': 0.7316403568977351, 'DecisionTreeClassifier': 0.7004160887656034, 'SGDClassifier': 0.7555228276877762, 'KNeighborsClassifier': 0.7568042142230026, 'GradientBoostingClassifier': 0.727524204702628}
[ 2024-09-01 11:05:09,419 ] 59 root - INFO - Best Model Found , Model Name : KNeighborsClassifier , F1 Scare: 0.7568042142230026
[ 2024-09-01 11:05:09,435 ] 96 werkzeug - WARNING -  * Debugger is active!
[ 2024-09-01 11:05:09,437 ] 96 werkzeug - INFO -  * Debugger PIN: 117-434-498
[ 2024-09-01 11:05:14,197 ] 96 werkzeug - INFO - 127.0.0.1 - - [01/Sep/2024 11:05:14] "GET / HTTP/1.1" 200 -
[ 2024-09-01 11:05:15,687 ] 96 werkzeug - INFO - 127.0.0.1 - - [01/Sep/2024 11:05:15] "GET /predict HTTP/1.1" 200 -
[ 2024-09-01 11:05:24,872 ] 55 root - INFO - Dataframe Gathered
[ 2024-09-01 11:05:24,878 ] 96 werkzeug - INFO - 127.0.0.1 - - [01/Sep/2024 11:05:24] "POST /predict HTTP/1.1" 200 -
[ 2024-09-01 11:09:19,775 ] 96 werkzeug - INFO -  * Detected change in 'e:\\pw_proj\\BackOrder_Prediction-main\\application.py', reloading
